<?xml version="1.0" encoding="UTF-8"?>
<!-- Generated by org.testng.reporters.JUnitReportReporter -->
<testsuite hostname="DESKTOP-PCGMM1V" failures="0" tests="12" name="ua.edu.lp.asu.pairwise.CaseTest" time="0.022" errors="0" timestamp="2023-12-14T15:08:45 EET" skipped="0">
  <testcase classname="ua.edu.lp.asu.pairwise.CaseTest" name="testMatched" time="0.000"/>
  <system-out/>
  <testcase classname="ua.edu.lp.asu.pairwise.CaseTest" name="testMatched" time="0.001"/>
  <system-out/>
  <testcase classname="ua.edu.lp.asu.pairwise.CaseTest" name="testMatched" time="0.001"/>
  <system-out/>
  <testcase classname="ua.edu.lp.asu.pairwise.CaseTest" name="testNotMatched" time="0.000"/>
  <system-out/>
  <testcase classname="ua.edu.lp.asu.pairwise.CaseTest" name="testMatched" time="0.001"/>
  <system-out/>
  <testcase classname="ua.edu.lp.asu.pairwise.CaseTest" name="testNotMatched" time="0.000"/>
  <system-out/>
  <testcase classname="ua.edu.lp.asu.pairwise.CaseTest" name="testMatched" time="0.016"/>
  <system-out/>
  <testcase classname="ua.edu.lp.asu.pairwise.CaseTest" name="testNotMatched" time="0.000"/>
  <system-out/>
  <testcase classname="ua.edu.lp.asu.pairwise.CaseTest" name="testMatched" time="0.001"/>
  <system-out/>
  <testcase classname="ua.edu.lp.asu.pairwise.CaseTest" name="testMatched" time="0.001"/>
  <system-out/>
  <testcase classname="ua.edu.lp.asu.pairwise.CaseTest" name="testNotMatched" time="0.000"/>
  <system-out/>
  <testcase classname="ua.edu.lp.asu.pairwise.CaseTest" name="testMatched" time="0.001"/>
  <system-out/>
</testsuite> <!-- ua.edu.lp.asu.pairwise.CaseTest -->
