<?xml version="1.0" encoding="UTF-8"?>
<!-- Generated by org.testng.reporters.JUnitReportReporter -->
<testsuite hostname="DESKTOP-PCGMM1V" failures="0" tests="12" name="ua.edu.lp.asu.pairwise.PairwiseTest" time="0.155" errors="0" timestamp="2023-12-14T15:08:45 EET" skipped="0">
  <testcase classname="ua.edu.lp.asu.pairwise.PairwiseTest" name="testVerify" time="0.005"/>
  <system-out/>
  <testcase classname="ua.edu.lp.asu.pairwise.PairwiseTest" name="testBuild" time="0.036"/>
  <system-out/>
  <testcase classname="ua.edu.lp.asu.pairwise.PairwiseTest" name="testVerify" time="0.008"/>
  <system-out/>
  <testcase classname="ua.edu.lp.asu.pairwise.PairwiseTest" name="testOrder" time="0.005"/>
  <system-out/>
  <testcase classname="ua.edu.lp.asu.pairwise.PairwiseTest" name="testBuild" time="0.014"/>
  <system-out/>
  <testcase classname="ua.edu.lp.asu.pairwise.PairwiseTest" name="testBuild" time="0.015"/>
  <system-out/>
  <testcase classname="ua.edu.lp.asu.pairwise.PairwiseTest" name="testOrder" time="0.005"/>
  <system-out/>
  <testcase classname="ua.edu.lp.asu.pairwise.PairwiseTest" name="testVerify" time="0.024"/>
  <system-out/>
  <testcase classname="ua.edu.lp.asu.pairwise.PairwiseTest" name="testOrder" time="0.019"/>
  <system-out/>
  <testcase classname="ua.edu.lp.asu.pairwise.PairwiseTest" name="testOrder" time="0.004"/>
  <system-out/>
  <testcase classname="ua.edu.lp.asu.pairwise.PairwiseTest" name="testBuild" time="0.014"/>
  <system-out/>
  <testcase classname="ua.edu.lp.asu.pairwise.PairwiseTest" name="testVerify" time="0.006"/>
  <system-out/>
</testsuite> <!-- ua.edu.lp.asu.pairwise.PairwiseTest -->
