<?xml version="1.0" encoding="UTF-8"?>
<!-- Generated by org.testng.reporters.JUnitReportReporter -->
<testsuite hostname="DESKTOP-PCGMM1V" failures="0" tests="6" name="ua.edu.lp.asu.pairwise.InParameterOrderStrategyTest" time="0.060" errors="0" timestamp="2023-12-14T15:08:45 EET" skipped="0">
  <testcase classname="ua.edu.lp.asu.pairwise.InParameterOrderStrategyTest" name="testVerticalGrowth" time="0.003"/>
  <system-out/>
  <testcase classname="ua.edu.lp.asu.pairwise.InParameterOrderStrategyTest" name="testHorizontalGrowth" time="0.022"/>
  <system-out/>
  <testcase classname="ua.edu.lp.asu.pairwise.InParameterOrderStrategyTest" name="testHorizontalGrowth" time="0.003"/>
  <system-out/>
  <testcase classname="ua.edu.lp.asu.pairwise.InParameterOrderStrategyTest" name="testGeneratePairs" time="0.001"/>
  <system-out/>
  <testcase classname="ua.edu.lp.asu.pairwise.InParameterOrderStrategyTest" name="testVerticalGrowth" time="0.001"/>
  <system-out/>
  <testcase classname="ua.edu.lp.asu.pairwise.InParameterOrderStrategyTest" name="testGeneratePairs" time="0.030"/>
  <system-out/>
</testsuite> <!-- ua.edu.lp.asu.pairwise.InParameterOrderStrategyTest -->
